Determining if the pthread_create exist failed with the following output:
Change Dir: /root/CPP-WEB-SERVER/build/CMakeFiles/CMakeTmp

Run Build Command:"/usr/bin/gmake" "cmTC_22b41/fast"
/usr/bin/gmake -f CMakeFiles/cmTC_22b41.dir/build.make CMakeFiles/cmTC_22b41.dir/build
gmake[1]: Entering directory `/root/CPP-WEB-SERVER/build/CMakeFiles/CMakeTmp'
Building C object CMakeFiles/cmTC_22b41.dir/CheckSymbolExists.c.o
/usr/bin/cc     -o CMakeFiles/cmTC_22b41.dir/CheckSymbolExists.c.o   -c /root/CPP-WEB-SERVER/build/CMakeFiles/CMakeTmp/CheckSymbolExists.c
Linking C executable cmTC_22b41
/usr/local/bin/cmake -E cmake_link_script CMakeFiles/cmTC_22b41.dir/link.txt --verbose=1
/usr/bin/cc       CMakeFiles/cmTC_22b41.dir/CheckSymbolExists.c.o  -o cmTC_22b41 
CMakeFiles/cmTC_22b41.dir/CheckSymbolExists.c.o: In function `main':
CheckSymbolExists.c:(.text+0x16): undefined reference to `pthread_create'
collect2: error: ld returned 1 exit status
gmake[1]: *** [cmTC_22b41] Error 1
gmake[1]: Leaving directory `/root/CPP-WEB-SERVER/build/CMakeFiles/CMakeTmp'
gmake: *** [cmTC_22b41/fast] Error 2

File /root/CPP-WEB-SERVER/build/CMakeFiles/CMakeTmp/CheckSymbolExists.c:
/* */
#include <pthread.h>

int main(int argc, char** argv)
{
  (void)argv;
#ifndef pthread_create
  return ((int*)(&pthread_create))[argc];
#else
  (void)argc;
  return 0;
#endif
}

Determining if the function pthread_create exists in the pthreads failed with the following output:
Change Dir: /root/CPP-WEB-SERVER/build/CMakeFiles/CMakeTmp

Run Build Command:"/usr/bin/gmake" "cmTC_f9199/fast"
/usr/bin/gmake -f CMakeFiles/cmTC_f9199.dir/build.make CMakeFiles/cmTC_f9199.dir/build
gmake[1]: Entering directory `/root/CPP-WEB-SERVER/build/CMakeFiles/CMakeTmp'
Building C object CMakeFiles/cmTC_f9199.dir/CheckFunctionExists.c.o
/usr/bin/cc    -DCHECK_FUNCTION_EXISTS=pthread_create   -o CMakeFiles/cmTC_f9199.dir/CheckFunctionExists.c.o   -c /usr/local/share/cmake-3.7/Modules/CheckFunctionExists.c
Linking C executable cmTC_f9199
/usr/local/bin/cmake -E cmake_link_script CMakeFiles/cmTC_f9199.dir/link.txt --verbose=1
/usr/bin/cc   -DCHECK_FUNCTION_EXISTS=pthread_create    CMakeFiles/cmTC_f9199.dir/CheckFunctionExists.c.o  -o cmTC_f9199 -lpthreads 
/usr/bin/ld: cannot find -lpthreads
collect2: error: ld returned 1 exit status
gmake[1]: *** [cmTC_f9199] Error 1
gmake[1]: Leaving directory `/root/CPP-WEB-SERVER/build/CMakeFiles/CMakeTmp'
gmake: *** [cmTC_f9199/fast] Error 2


